2022-11-21T16:50:36.579Z
cwd: /Users/Work/Projects/lars-prototype
package: govuk-prototype-kit@13.0.0
argv: /usr/local/bin/node /Users/Work/.npm/_npx/ab0cb2c39bc0319f/node_modules/.bin/govuk-prototype-kit migrate
Started [Check migration is being applied to a pre v13 prototype]
Succeeded [Check migration is being applied to a pre v13 prototype]
2022-11-21T16:51:25.515Z
cwd: /Users/Work/Projects/lars-prototype
package: govuk-prototype-kit@13.0.0
argv: /usr/local/bin/node /Users/Work/Projects/lars-prototype/node_modules/.bin/govuk-prototype-kit migrate -- /Users/Work/Projects/lars-prototype
Started [Migrate config.js to config.json]
Started [Update application SCSS file]
Started [Deleted files that are no longer needed]
Started [Deleted directories that are no longer needed]
Started [Delete /Users/Work/Projects/lars-prototype/listen-on-port.js]
Started [Delete /Users/Work/Projects/lars-prototype/server.js]
Started [Delete /Users/Work/Projects/lars-prototype/start.js]
Started [Delete /Users/Work/Projects/lars-prototype/VERSION.txt]
Started [Delete /Users/Work/Projects/lars-prototype/Procfile]
Started [Remove unused directory docs]
Started [Remove unused directory lib]
Started [Remove unused directory public]
Succeeded [Migrate config.js to config.json]
Started [Overwrite app/filters.js]
Started [Overwrite app/views/layout.html]
Succeeded [Delete /Users/Work/Projects/lars-prototype/listen-on-port.js]
Succeeded [Delete /Users/Work/Projects/lars-prototype/server.js]
Succeeded [Delete /Users/Work/Projects/lars-prototype/start.js]
Succeeded [Delete /Users/Work/Projects/lars-prototype/VERSION.txt]
Succeeded [Delete /Users/Work/Projects/lars-prototype/Procfile]
copying from [/Users/Work/Projects/lars-prototype/node_modules/govuk-prototype-kit/prototype-starter/app/filters.js] to [/Users/Work/Projects/lars-prototype/app/filters.js]
Started [Delete app/assets/javascripts/auto-store-data.js]
Started [Delete app/assets/sass/unbranded-ie8.scss]
Started [Delete app/assets/sass/unbranded.scss]
Started [Delete app/views/includes/breadcrumb_examples.html]
Started [Delete app/views/layout_unbranded.html]
Started [Delete app/assets/sass/patterns/_contents-list.scss]
Started [Delete app/assets/sass/patterns/_mainstream-guide.scss]
Started [Delete app/assets/sass/patterns/_pagination.scss]
Started [Delete app/assets/sass/patterns/_related-items.scss]
Started [Delete app/assets/sass/patterns/_task-list.scss]
Started [Delete app/assets/images/separator-2x.png]
copying from [/Users/Work/Projects/lars-prototype/node_modules/govuk-prototype-kit/prototype-starter/app/views/layouts/main.html] to [/Users/Work/Projects/lars-prototype/app/views/layout.html]
Started [Delete app/assets/images/separator.png]
Succeeded [Deleted files that are no longer needed]
Found [// Add your routes here - above the module.exports line] in [/Users/Work/Projects/lars-prototype/app/routes.js, replacing
Keeping these lines from old file
Found [// Add extra styles here, or re-organise the Sass files in whichever way makes most sense to you] in [/Users/Work/Projects/lars-prototype/app/assets/sass/application.scss, replacing
Keeping these lines from old file
Succeeded [Delete app/assets/javascripts/auto-store-data.js]
Succeeded [Delete app/assets/sass/unbranded.scss]
Succeeded [Delete app/views/includes/breadcrumb_examples.html]
Succeeded [Delete app/views/layout_unbranded.html]
Succeeded [Delete app/assets/sass/patterns/_contents-list.scss]
Succeeded [Delete app/assets/sass/unbranded-ie8.scss]
Succeeded [Delete app/assets/sass/patterns/_mainstream-guide.scss]
Succeeded [Delete app/assets/sass/patterns/_pagination.scss]
Succeeded [Delete app/assets/images/separator-2x.png]
Succeeded [Delete app/assets/sass/patterns/_related-items.scss]
Succeeded [Delete app/assets/sass/patterns/_task-list.scss]
Succeeded [Delete app/assets/images/separator.png]
Started [Overwrite app/assets/javascripts/application.js]
Started [Delete app/assets/images/unbranded.ico]
Started [Delete app/assets/javascripts/jquery-1.11.3.js]
copying from [/Users/Work/Projects/lars-prototype/node_modules/govuk-prototype-kit/prototype-starter/app/assets/javascripts/application.js] to [/Users/Work/Projects/lars-prototype/app/assets/javascripts/application.js]
Succeeded [Update application SCSS file]
Succeeded [Delete app/assets/javascripts/jquery-1.11.3.js]
// ,// For guidance on how to create routes see:,// https://prototype-kit.service.gov.uk/docs/routes,// ,,const govukPrototypeKit = require('govuk-prototype-kit'),const router = govukPrototypeKit.requests.setupRouter(),,// Add your routes here,,,module.exports = router,
Succeeded [Delete app/assets/images/unbranded.ico]
Found [module.exports = router;,module.exports = router] in [/Users/Work/Projects/lars-prototype/app/routes.js, removing
Succeeded [Remove unused directory lib]
Succeeded [Overwrite app/filters.js]
Succeeded [Remove unused directory public]
Succeeded [Update routes file]
Succeeded [Remove unused directory docs]
Succeeded [Deleted directories that are no longer needed]
Succeeded [Overwrite app/assets/javascripts/application.js]
Started [Delete app/views/includes/head.html]
Succeeded [Delete app/views/includes/head.html]
Started [Delete app/views/includes/scripts.html]
Succeeded [Delete app/views/includes/scripts.html]
Started [Remove old pattern includes from application SCSS file]
Succeeded [Remove old pattern includes from application SCSS file]
Started [Remove empty directory /app/assets/images]
Started [Remove empty directory /app/views/includes]
Started [Remove empty directory /app/assets/sass/patterns]
Succeeded [Remove empty directory /app/assets/images]
Succeeded [Remove empty directory /app/views/includes]
Succeeded [Remove empty directory /app/assets/sass/patterns]
2022-11-27T17:48:18.186Z
cwd: /Users/Work/Projects/lars-prototype
package: govuk-prototype-kit@13.0.0
argv: /usr/local/bin/node /Users/Work/.npm/_npx/ab0cb2c39bc0319f/node_modules/.bin/govuk-prototype-kit migrate
Started [Check migration is being applied to a pre v13 prototype]
Failed [Check migration is being applied to a pre v13 prototype]
2022-11-27T17:48:36.672Z
cwd: /Users/Work/Projects/lars-prototype
package: govuk-prototype-kit@13.0.0
argv: /usr/local/bin/node /Users/Work/.npm/_npx/ab0cb2c39bc0319f/node_modules/.bin/govuk-prototype-kit migrate
Started [Check migration is being applied to a pre v13 prototype]
Failed [Check migration is being applied to a pre v13 prototype]
